<?xml version="1.0" encoding="UTF-8"?>
<testng-results ignored="0" total="1" passed="1" failed="0" skipped="0">
  <reporter-output>
  </reporter-output>
  <suite started-at="2025-07-01T01:53:47 IST" name="Suite" finished-at="2025-07-01T01:53:58 IST" duration-ms="10132">
    <groups>
    </groups>
    <test started-at="2025-07-01T01:53:47 IST" name="Test" finished-at="2025-07-01T01:53:58 IST" duration-ms="10132">
      <class name="allstuff.ApplicationLaunch">
        <test-method signature="Amazon1()[pri:0, instance:allstuff.ApplicationLaunch@c33b74f]" started-at="2025-07-01T01:53:48 IST" name="Amazon1" finished-at="2025-07-01T01:53:58 IST" duration-ms="10066" status="PASS">
          <reporter-output>
          </reporter-output>
        </test-method> <!-- Amazon1 -->
      </class> <!-- allstuff.ApplicationLaunch -->
    </test> <!-- Test -->
  </suite> <!-- Suite -->
</testng-results>
