<?xml version="1.0" encoding="UTF-8"?>
<testng-results ignored="0" total="1" passed="1" failed="0" skipped="0">
  <reporter-output>
  </reporter-output>
  <suite started-at="2025-06-30T19:09:57 IST" name="Suite" finished-at="2025-06-30T19:10:04 IST" duration-ms="7412">
    <groups>
    </groups>
    <test started-at="2025-06-30T19:09:57 IST" name="Test" finished-at="2025-06-30T19:10:04 IST" duration-ms="7412">
      <class name="allstuff.ApplicationLaunch">
        <test-method signature="Amazon1()[pri:0, instance:allstuff.ApplicationLaunch@459e9125]" started-at="2025-06-30T19:09:57 IST" name="Amazon1" finished-at="2025-06-30T19:10:04 IST" duration-ms="7373" status="PASS">
          <reporter-output>
          </reporter-output>
        </test-method> <!-- Amazon1 -->
      </class> <!-- allstuff.ApplicationLaunch -->
    </test> <!-- Test -->
  </suite> <!-- Suite -->
</testng-results>
